<?xml version="1.0" encoding="UTF-8"?>
<!-- Generated by org.testng.reporters.JUnitReportReporter -->
<testsuite hostname="DESKTOP-QCGJ0L4" failures="0" tests="3" name="test.day4" time="0.002" errors="0" timestamp="2023-01-11T18:21:12 CST" skipped="0">
  <testcase classname="test.day4" name="WebloginCarLoan" time="0.001"/>
  <system-out/>
  <testcase classname="test.day4" name="MObileloginCarLoan" time="0.000"/>
  <system-out/>
  <testcase classname="test.day4" name="loginAPICarLoan" time="0.001"/>
  <system-out/>
</testsuite> <!-- test.day4 -->
